This file contains any messages produced by compilers while
running configure, to aid debugging if configure makes a mistake.

It was created by libusb configure 1.0.21, which was
generated by GNU Autoconf 2.72.  Invocation command line was

  $ ./configure --prefix=/Users/mac/Documents/github/osx-ccid-installer-feitian/osx-ccid-installer-feitian/tmp --disable-dependency-tracking --enable-static --disable-shared --host=aarch64-apple-darwin --host=x86_64-apple-darwin

## --------- ##
## Platform. ##
## --------- ##

hostname = ben-iMac.local
uname -m = x86_64
uname -r = 20.6.0
uname -s = Darwin
uname -v = Darwin Kernel Version 20.6.0: Thu Jul  6 22:12:47 PDT 2023; root:xnu-7195.141.49.702.12~1/RELEASE_X86_64

/usr/bin/uname -p = i386
/bin/uname -X     = unknown

/bin/arch              = unknown
/usr/bin/arch -k       = unknown
/usr/convex/getsysinfo = unknown
/usr/bin/hostinfo      = Mach kernel version:
	 Darwin Kernel Version 20.6.0: Thu Jul  6 22:12:47 PDT 2023; root:xnu-7195.141.49.702.12~1/RELEASE_X86_64
Kernel configured for up to 4 processors.
4 processors are physically available.
4 processors are logically available.
Processor type: x86_64h (Intel x86-64h Haswell)
Processors active: 0 1 2 3
Primary memory available: 32.00 gigabytes
Default processor set: 749 tasks, 3586 threads, 4 processors
Load average: 3.00, Mach factor: 1.07
/bin/machine           = unknown
/usr/bin/oslevel       = unknown
/bin/universe          = unknown

PATH: /usr/local/bin/
PATH: /usr/bin/
PATH: /bin/
PATH: /usr/sbin/
PATH: /sbin/
PATH: /Applications/VMware Fusion.app/Contents/Public/
PATH: /Library/Apple/usr/bin/


## ----------- ##
## Core tests. ##
## ----------- ##

configure:2901: looking for aux files: config.guess config.sub ltmain.sh compile missing install-sh
configure:2914:  trying ./
configure:2943:   ./config.guess found
configure:2943:   ./config.sub found
configure:2943:   ./ltmain.sh found
configure:2943:   ./compile found
configure:2943:   ./missing found
configure:2925:   ./install-sh found
configure:3083: checking for a BSD-compatible install
configure:3157: result: /usr/bin/install -c
configure:3168: checking whether build environment is sane
configure:3223: result: yes
configure:3279: checking for x86_64-apple-darwin-strip
configure:3315: result: no
configure:3325: checking for strip
configure:3346: found /usr/bin/strip
configure:3358: result: strip
configure:3384: checking for a race-free mkdir -p
configure:3427: result: mkdir -p
configure:3434: checking for gawk
configure:3470: result: no
configure:3434: checking for mawk
configure:3470: result: no
configure:3434: checking for nawk
configure:3470: result: no
configure:3434: checking for awk
configure:3455: found /usr/bin/awk
configure:3467: result: awk
configure:3478: checking whether make sets $(MAKE)
configure:3502: result: yes
configure:3532: checking whether make supports nested variables
configure:3551: result: yes
configure:3704: checking whether make supports nested variables
configure:3723: result: yes
configure:3753: checking for x86_64-apple-darwin-gcc
configure:3789: result: no
configure:3799: checking for gcc
configure:3820: found /usr/bin/gcc
configure:3832: result: gcc
configure:4191: checking for C compiler version
configure:4200: gcc --version >&5
Apple clang version 13.0.0 (clang-1300.0.29.30)
Target: x86_64-apple-darwin20.6.0
Thread model: posix
InstalledDir: /Applications/Xcode.app/Contents/Developer/Toolchains/XcodeDefault.xctoolchain/usr/bin
Configured with: --prefix=/Applications/Xcode.app/Contents/Developer/usr --with-gxx-include-dir=/Applications/Xcode.app/Contents/Developer/Platforms/MacOSX.platform/Developer/SDKs/MacOSX.sdk/usr/include/c++/4.2.1
configure:4211: $? = 0
configure:4200: gcc -v >&5
Configured with: --prefix=/Applications/Xcode.app/Contents/Developer/usr --with-gxx-include-dir=/Applications/Xcode.app/Contents/Developer/Platforms/MacOSX.platform/Developer/SDKs/MacOSX.sdk/usr/include/c++/4.2.1
Apple clang version 13.0.0 (clang-1300.0.29.30)
Target: x86_64-apple-darwin20.6.0
Thread model: posix
InstalledDir: /Applications/Xcode.app/Contents/Developer/Toolchains/XcodeDefault.xctoolchain/usr/bin
configure:4211: $? = 0
configure:4200: gcc -V >&5
clang: error: argument to '-V' is missing (expected 1 value)
clang: error: no input files
configure:4211: $? = 1
configure:4200: gcc -qversion >&5
clang: error: unknown argument '-qversion'; did you mean '--version'?
clang: error: no input files
configure:4211: $? = 1
configure:4200: gcc -version >&5
clang: error: unknown argument '-version'; did you mean '--version'?
clang: error: no input files
configure:4211: $? = 1
configure:4231: checking whether the C compiler works
configure:4253: gcc -mmacosx-version-min=10.11 -arch x86_64 -arch arm64    conftest.c  >&5
configure:4257: $? = 0
configure:4308: result: yes
configure:4312: checking for C compiler default output file name
configure:4314: result: a.out
configure:4320: checking for suffix of executables
configure:4327: gcc -o conftest -mmacosx-version-min=10.11 -arch x86_64 -arch arm64    conftest.c  >&5
configure:4331: $? = 0
configure:4355: result: 
configure:4379: checking whether we are cross compiling
configure:4387: gcc -o conftest -mmacosx-version-min=10.11 -arch x86_64 -arch arm64    conftest.c  >&5
configure:4391: $? = 0
configure:4398: ./conftest
configure:4402: $? = 0
configure:4417: result: no
configure:4423: checking for suffix of object files
configure:4446: gcc -c -mmacosx-version-min=10.11 -arch x86_64 -arch arm64   conftest.c >&5
configure:4450: $? = 0
configure:4474: result: o
configure:4478: checking whether the compiler supports GNU C
configure:4498: gcc -c -mmacosx-version-min=10.11 -arch x86_64 -arch arm64   conftest.c >&5
configure:4498: $? = 0
configure:4510: result: yes
configure:4521: checking whether gcc accepts -g
configure:4542: gcc -c -g  conftest.c >&5
configure:4542: $? = 0
configure:4589: result: yes
configure:4609: checking for gcc option to enable C11 features
configure:4624: gcc  -c -mmacosx-version-min=10.11 -arch x86_64 -arch arm64   conftest.c >&5
configure:4624: $? = 0
configure:4643: result: none needed
configure:4767: checking whether gcc understands -c and -o together
configure:4790: gcc -c conftest.c -o conftest2.o
configure:4793: $? = 0
configure:4790: gcc -c conftest.c -o conftest2.o
configure:4793: $? = 0
configure:4806: result: yes
configure:4826: checking whether make supports the include directive
configure:4841: make -f confmf.GNU && cat confinc.out
this is the am__doit target
configure:4844: $? = 0
configure:4863: result: yes (GNU style)
configure:4889: checking dependency style of gcc
configure:5002: result: none
configure:5037: checking for x86_64-apple-darwin-g++
configure:5073: result: no
configure:5037: checking for x86_64-apple-darwin-c++
configure:5073: result: no
configure:5037: checking for x86_64-apple-darwin-gpp
configure:5073: result: no
configure:5037: checking for x86_64-apple-darwin-aCC
configure:5073: result: no
configure:5037: checking for x86_64-apple-darwin-CC
configure:5073: result: no
configure:5037: checking for x86_64-apple-darwin-cxx
configure:5073: result: no
configure:5037: checking for x86_64-apple-darwin-cc++
configure:5073: result: no
configure:5037: checking for x86_64-apple-darwin-cl.exe
configure:5073: result: no
configure:5037: checking for x86_64-apple-darwin-FCC
configure:5073: result: no
configure:5037: checking for x86_64-apple-darwin-KCC
configure:5073: result: no
configure:5037: checking for x86_64-apple-darwin-RCC
configure:5073: result: no
configure:5037: checking for x86_64-apple-darwin-xlC_r
configure:5073: result: no
configure:5037: checking for x86_64-apple-darwin-xlC
configure:5073: result: no
configure:5037: checking for x86_64-apple-darwin-clang++
configure:5073: result: no
configure:5087: checking for g++
configure:5108: found /usr/bin/g++
configure:5120: result: g++
configure:5147: checking for C++ compiler version
configure:5156: g++ --version >&5
Apple clang version 13.0.0 (clang-1300.0.29.30)
Target: x86_64-apple-darwin20.6.0
Thread model: posix
InstalledDir: /Applications/Xcode.app/Contents/Developer/Toolchains/XcodeDefault.xctoolchain/usr/bin
Configured with: --prefix=/Applications/Xcode.app/Contents/Developer/usr --with-gxx-include-dir=/Applications/Xcode.app/Contents/Developer/Platforms/MacOSX.platform/Developer/SDKs/MacOSX.sdk/usr/include/c++/4.2.1
configure:5167: $? = 0
configure:5156: g++ -v >&5
Configured with: --prefix=/Applications/Xcode.app/Contents/Developer/usr --with-gxx-include-dir=/Applications/Xcode.app/Contents/Developer/Platforms/MacOSX.platform/Developer/SDKs/MacOSX.sdk/usr/include/c++/4.2.1
Apple clang version 13.0.0 (clang-1300.0.29.30)
Target: x86_64-apple-darwin20.6.0
Thread model: posix
InstalledDir: /Applications/Xcode.app/Contents/Developer/Toolchains/XcodeDefault.xctoolchain/usr/bin
configure:5167: $? = 0
configure:5156: g++ -V >&5
clang: error: argument to '-V' is missing (expected 1 value)
clang: error: no input files
configure:5167: $? = 1
configure:5156: g++ -qversion >&5
clang: error: unknown argument '-qversion'; did you mean '--version'?
clang: error: no input files
configure:5167: $? = 1
configure:5171: checking whether the compiler supports GNU C++
configure:5191: g++ -c   conftest.cpp >&5
configure:5191: $? = 0
configure:5203: result: yes
configure:5214: checking whether g++ accepts -g
configure:5235: g++ -c -g  conftest.cpp >&5
configure:5235: $? = 0
configure:5282: result: yes
configure:5302: checking for g++ option to enable C++11 features
configure:5317: g++  -c -g -O2  conftest.cpp >&5
conftest.cpp:57:3: error: "Compiler does not advertise C++11 conformance"
# error "Compiler does not advertise C++11 conformance"
  ^
conftest.cpp:62:3: error: unknown type name 'constexpr'
  constexpr int get_val() { return 20; }
  ^
conftest.cpp:74:17: error: delegating constructors are permitted only in C++11
    delegate(): delegate(2354) {}
                ^~~~~~~~
conftest.cpp:85:26: warning: 'override' keyword is a C++11 extension [-Wc++11-extensions]
    virtual int getval() override final { return this->n * 2; }
                         ^
conftest.cpp:85:35: warning: 'final' keyword is a C++11 extension [-Wc++11-extensions]
    virtual int getval() override final { return this->n * 2; }
                                  ^
conftest.cpp:92:16: warning: defaulted function definitions are a C++11 extension [-Wc++11-extensions]
    nocopy() = default;
               ^
conftest.cpp:93:29: warning: deleted function definitions are a C++11 extension [-Wc++11-extensions]
    nocopy(const nocopy&) = delete;
                            ^
conftest.cpp:94:41: warning: deleted function definitions are a C++11 extension [-Wc++11-extensions]
    nocopy & operator=(const nocopy&) = delete;
                                        ^
conftest.cpp:106:25: warning: 'auto' type specifier is a C++11 extension [-Wc++11-extensions]
  template <typename V> auto sum(V first) -> V
                        ^
conftest.cpp:106:25: error: 'auto' not allowed in function return type
  template <typename V> auto sum(V first) -> V
                        ^~~~
conftest.cpp:106:42: error: expected ';' at end of declaration
  template <typename V> auto sum(V first) -> V
                                         ^
                                         ;
conftest.cpp:106:43: error: cannot use arrow operator on a type
  template <typename V> auto sum(V first) -> V
                                          ^
conftest.cpp:110:33: warning: variadic templates are a C++11 extension [-Wc++11-extensions]
  template <typename V, typename... Args> auto sum(V first, Args... rest) -> V
                                ^
conftest.cpp:110:43: warning: 'auto' type specifier is a C++11 extension [-Wc++11-extensions]
  template <typename V, typename... Args> auto sum(V first, Args... rest) -> V
                                          ^
conftest.cpp:110:43: error: 'auto' not allowed in function return type
  template <typename V, typename... Args> auto sum(V first, Args... rest) -> V
                                          ^~~~
conftest.cpp:110:74: error: expected ';' at end of declaration
  template <typename V, typename... Args> auto sum(V first, Args... rest) -> V
                                                                         ^
                                                                         ;
conftest.cpp:110:75: error: cannot use arrow operator on a type
  template <typename V, typename... Args> auto sum(V first, Args... rest) -> V
                                                                          ^
conftest.cpp:134:3: warning: 'auto' type specifier is a C++11 extension [-Wc++11-extensions]
  auto a1 = 6538;
  ^
conftest.cpp:135:3: warning: 'auto' type specifier is a C++11 extension [-Wc++11-extensions]
  auto a2 = 48573953.4;
  ^
conftest.cpp:136:3: warning: 'auto' type specifier is a C++11 extension [-Wc++11-extensions]
  auto a3 = "String literal";
  ^
conftest.cpp:139:8: warning: 'auto' type specifier is a C++11 extension [-Wc++11-extensions]
  for (auto i = a3; *i; ++i) { total += *i; }
       ^
conftest.cpp:155:8: warning: 'auto' type specifier is a C++11 extension [-Wc++11-extensions]
  for (auto &x : array) { x += 23; }
       ^
conftest.cpp:155:16: warning: range-based for loop is a C++11 extension [-Wc++11-extensions]
  for (auto &x : array) { x += 23; }
               ^
conftest.cpp:160:17: error: expected expression
  assert (eval ([](int x) { return x*2; }, 21) == 42);
                ^
conftest.cpp:162:17: error: expected expression
  assert (eval ([&](double x) { return d += x; }, 3.0) == 5.0);
                ^
conftest.cpp:164:17: error: expected expression
  assert (eval ([=](double x) mutable { return d += x; }, 4.0) == 9.0);
                ^
conftest.cpp:170:3: warning: 'auto' type specifier is a C++11 extension [-Wc++11-extensions]
  auto a = sum(1);
  ^
conftest.cpp:170:12: error: no matching function for call to 'sum'
  auto a = sum(1);
           ^~~
conftest.cpp:171:3: warning: 'auto' type specifier is a C++11 extension [-Wc++11-extensions]
  auto b = sum(1, 2);
  ^
conftest.cpp:171:12: error: no matching function for call to 'sum'
  auto b = sum(1, 2);
           ^~~
conftest.cpp:172:3: warning: 'auto' type specifier is a C++11 extension [-Wc++11-extensions]
  auto c = sum(1.0, 2.0, 3.0);
  ^
conftest.cpp:172:12: error: no matching function for call to 'sum'
  auto c = sum(1.0, 2.0, 3.0);
           ^~~
conftest.cpp:177:25: warning: empty parentheses interpreted as a function declaration [-Wvexing-parse]
  cxx11test::delegate d2();
                        ^~
conftest.cpp:177:25: note: remove parentheses to declare a variable
  cxx11test::delegate d2();
                        ^~
conftest.cpp:190:16: error: found '<::' after a template name which forms the digraph '<:' (aka '[') and a ':', did you mean '< ::'?
  test_template<::test_template<int>> v(test_template<int>(12));
               ^~~
               < ::
conftest.cpp:190:36: error: a space is required between consecutive right angle brackets (use '> >')
  test_template<::test_template<int>> v(test_template<int>(12));
                                   ^~
                                   > >
conftest.cpp:194:22: error: use of undeclared identifier 'u8'
  char const *utf8 = u8"UTF-8 string \u2500";
                     ^
conftest.cpp:194:24: error: expected ';' at end of declaration
  char const *utf8 = u8"UTF-8 string \u2500";
                       ^
                       ;
fatal error: too many errors emitted, stopping now [-ferror-limit=]
18 warnings and 20 errors generated.
configure:5317: $? = 1
configure: failed program was:
| /* confdefs.h */
| #define PACKAGE_NAME "libusb"
| #define PACKAGE_TARNAME "libusb"
| #define PACKAGE_VERSION "1.0.21"
| #define PACKAGE_STRING "libusb 1.0.21"
| #define PACKAGE_BUGREPORT "libusb-devel@lists.sourceforge.net"
| #define PACKAGE_URL "http://libusb.info"
| #define PACKAGE "libusb"
| #define VERSION "1.0.21"
| /* end confdefs.h.  */
| 
| // Does the compiler advertise C++98 conformance?
| #if !defined __cplusplus || __cplusplus < 199711L
| # error "Compiler does not advertise C++98 conformance"
| #endif
| 
| // These inclusions are to reject old compilers that
| // lack the unsuffixed header files.
| #include <cstdlib>
| #include <exception>
| 
| // <cassert> and <cstring> are *not* freestanding headers in C++98.
| extern void assert (int);
| namespace std {
|   extern int strcmp (const char *, const char *);
| }
| 
| // Namespaces, exceptions, and templates were all added after "C++ 2.0".
| using std::exception;
| using std::strcmp;
| 
| namespace {
| 
| void test_exception_syntax()
| {
|   try {
|     throw "test";
|   } catch (const char *s) {
|     // Extra parentheses suppress a warning when building autoconf itself,
|     // due to lint rules shared with more typical C programs.
|     assert (!(strcmp) (s, "test"));
|   }
| }
| 
| template <typename T> struct test_template
| {
|   T const val;
|   explicit test_template(T t) : val(t) {}
|   template <typename U> T add(U u) { return static_cast<T>(u) + val; }
| };
| 
| } // anonymous namespace
| 
| 
| // Does the compiler advertise C++ 2011 conformance?
| #if !defined __cplusplus || __cplusplus < 201103L
| # error "Compiler does not advertise C++11 conformance"
| #endif
| 
| namespace cxx11test
| {
|   constexpr int get_val() { return 20; }
| 
|   struct testinit
|   {
|     int i;
|     double d;
|   };
| 
|   class delegate
|   {
|   public:
|     delegate(int n) : n(n) {}
|     delegate(): delegate(2354) {}
| 
|     virtual int getval() { return this->n; };
|   protected:
|     int n;
|   };
| 
|   class overridden : public delegate
|   {
|   public:
|     overridden(int n): delegate(n) {}
|     virtual int getval() override final { return this->n * 2; }
|   };
| 
|   class nocopy
|   {
|   public:
|     nocopy(int i): i(i) {}
|     nocopy() = default;
|     nocopy(const nocopy&) = delete;
|     nocopy & operator=(const nocopy&) = delete;
|   private:
|     int i;
|   };
| 
|   // for testing lambda expressions
|   template <typename Ret, typename Fn> Ret eval(Fn f, Ret v)
|   {
|     return f(v);
|   }
| 
|   // for testing variadic templates and trailing return types
|   template <typename V> auto sum(V first) -> V
|   {
|     return first;
|   }
|   template <typename V, typename... Args> auto sum(V first, Args... rest) -> V
|   {
|     return first + sum(rest...);
|   }
| }
| 
| 
| int
| main (int argc, char **argv)
| {
|   int ok = 0;
|   
|   assert (argc);
|   assert (! argv[0]);
| {
|   test_exception_syntax ();
|   test_template<double> tt (2.0);
|   assert (tt.add (4) == 6.0);
|   assert (true && !false);
| }
| 
|   
| {
|   // Test auto and decltype
|   auto a1 = 6538;
|   auto a2 = 48573953.4;
|   auto a3 = "String literal";
| 
|   int total = 0;
|   for (auto i = a3; *i; ++i) { total += *i; }
| 
|   decltype(a2) a4 = 34895.034;
| }
| {
|   // Test constexpr
|   short sa[cxx11test::get_val()] = { 0 };
| }
| {
|   // Test initializer lists
|   cxx11test::testinit il = { 4323, 435234.23544 };
| }
| {
|   // Test range-based for
|   int array[] = {9, 7, 13, 15, 4, 18, 12, 10, 5, 3,
|                  14, 19, 17, 8, 6, 20, 16, 2, 11, 1};
|   for (auto &x : array) { x += 23; }
| }
| {
|   // Test lambda expressions
|   using cxx11test::eval;
|   assert (eval ([](int x) { return x*2; }, 21) == 42);
|   double d = 2.0;
|   assert (eval ([&](double x) { return d += x; }, 3.0) == 5.0);
|   assert (d == 5.0);
|   assert (eval ([=](double x) mutable { return d += x; }, 4.0) == 9.0);
|   assert (d == 5.0);
| }
| {
|   // Test use of variadic templates
|   using cxx11test::sum;
|   auto a = sum(1);
|   auto b = sum(1, 2);
|   auto c = sum(1.0, 2.0, 3.0);
| }
| {
|   // Test constructor delegation
|   cxx11test::delegate d1;
|   cxx11test::delegate d2();
|   cxx11test::delegate d3(45);
| }
| {
|   // Test override and final
|   cxx11test::overridden o1(55464);
| }
| {
|   // Test nullptr
|   char *c = nullptr;
| }
| {
|   // Test template brackets
|   test_template<::test_template<int>> v(test_template<int>(12));
| }
| {
|   // Unicode literals
|   char const *utf8 = u8"UTF-8 string \u2500";
|   char16_t const *utf16 = u"UTF-8 string \u2500";
|   char32_t const *utf32 = U"UTF-32 string \u2500";
| }
| 
|   return ok;
| }
| 
configure:5317: g++ -std=gnu++11 -c -g -O2  conftest.cpp >&5
conftest.cpp:177:25: warning: empty parentheses interpreted as a function declaration [-Wvexing-parse]
  cxx11test::delegate d2();
                        ^~
conftest.cpp:177:25: note: remove parentheses to declare a variable
  cxx11test::delegate d2();
                        ^~
1 warning generated.
configure:5317: $? = 0
configure:5339: result: -std=gnu++11
configure:5407: checking dependency style of g++ -std=gnu++11
configure:5520: result: none
configure:5567: checking build system type
configure:5583: result: x86_64-apple-darwin20.6.0
configure:5603: checking host system type
configure:5618: result: x86_64-apple-darwin
configure:5659: checking how to print strings
configure:5686: result: printf
configure:5707: checking for a sed that does not truncate output
configure:5779: result: /usr/bin/sed
configure:5797: checking for grep that handles long lines and -e
configure:5863: result: /usr/bin/grep
configure:5868: checking for egrep
configure:5938: result: /usr/bin/grep -E
configure:5945: checking for fgrep
configure:6015: result: /usr/bin/grep -F
configure:6052: checking for ld used by gcc
configure:6121: result: /Applications/Xcode.app/Contents/Developer/Toolchains/XcodeDefault.xctoolchain/usr/bin/ld
configure:6128: checking if the linker (/Applications/Xcode.app/Contents/Developer/Toolchains/XcodeDefault.xctoolchain/usr/bin/ld) is GNU ld
configure:6145: result: no
configure:6157: checking for BSD- or MS-compatible name lister (nm)
configure:6213: result: no
configure:6227: checking for x86_64-apple-darwin-dumpbin
configure:6263: result: no
configure:6227: checking for x86_64-apple-darwin-link
configure:6263: result: no
configure:6277: checking for dumpbin
configure:6313: result: no
configure:6277: checking for link
configure:6298: found /bin/link
configure:6310: result: link -dump
configure:6355: checking the name lister (nm) interface
configure:6363: gcc -c -mmacosx-version-min=10.11 -arch x86_64 -arch arm64   conftest.c >&5
configure:6366: nm "conftest.o"
configure:6369: output
0000000000000000 S _some_variable
configure:6377: result: BSD nm
configure:6380: checking whether ln -s works
configure:6384: result: yes
configure:6392: checking the maximum length of command line arguments
configure:6525: result: 786432
configure:6573: checking how to convert x86_64-apple-darwin20.6.0 file names to x86_64-apple-darwin format
configure:6615: result: func_convert_file_noop
configure:6622: checking how to convert x86_64-apple-darwin20.6.0 file names to toolchain format
configure:6644: result: func_convert_file_noop
configure:6651: checking for /Applications/Xcode.app/Contents/Developer/Toolchains/XcodeDefault.xctoolchain/usr/bin/ld option to reload object files
configure:6660: result: -r
configure:6694: checking for x86_64-apple-darwin-file
configure:6730: result: no
configure:6740: checking for file
configure:6761: found /usr/bin/file
configure:6773: result: file
configure:6804: checking for x86_64-apple-darwin-objdump
configure:6840: result: no
configure:6850: checking for objdump
configure:6871: found /usr/bin/objdump
configure:6883: result: objdump
configure:6915: checking how to recognize dependent libraries
configure:7117: result: pass_all
configure:7162: checking for x86_64-apple-darwin-dlltool
configure:7198: result: no
configure:7208: checking for dlltool
configure:7244: result: no
configure:7274: checking how to associate runtime and link libraries
configure:7303: result: printf %s\n
configure:7320: checking for x86_64-apple-darwin-ar
configure:7356: result: no
configure:7370: checking for ar
configure:7391: found /usr/bin/ar
configure:7403: result: ar
configure:7456: checking for archiver @FILE support
configure:7474: gcc -c -mmacosx-version-min=10.11 -arch x86_64 -arch arm64   conftest.c >&5
configure:7474: $? = 0
configure:7478: ar cr libconftest.a @conftest.lst >&5
ar: @conftest.lst: No such file or directory
configure:7481: $? = 1
configure:7502: result: no
configure:7520: checking for x86_64-apple-darwin-strip
configure:7553: result: strip
configure:7631: checking for x86_64-apple-darwin-ranlib
configure:7667: result: no
configure:7677: checking for ranlib
configure:7698: found /usr/bin/ranlib
configure:7710: result: ranlib
configure:7812: checking command to parse nm output from gcc object
configure:7966: gcc -c -mmacosx-version-min=10.11 -arch x86_64 -arch arm64   conftest.c >&5
configure:7969: $? = 0
configure:7973: nm conftest.o \| /usr/bin/sed -n -e 's/^.*[ ]\([BCDEGRST][BCDEGRST]*\)[ ][ ]*\([_A-Za-z][_A-Za-z0-9]*\)$/\1 \2 \2/p' | /usr/bin/sed '/ __gnu_lto/d' \> conftest.nm
configure:7976: $? = 0
cannot find nm_test_var in conftest.nm
configure:7966: gcc -c -mmacosx-version-min=10.11 -arch x86_64 -arch arm64   conftest.c >&5
configure:7969: $? = 0
configure:7973: nm conftest.o \| /usr/bin/sed -n -e 's/^.*[ ]\([BCDEGRST][BCDEGRST]*\)[ ][ ]*_\([_A-Za-z][_A-Za-z0-9]*\)$/\1 _\2 \2/p' | /usr/bin/sed '/ __gnu_lto/d' \> conftest.nm
configure:7976: $? = 0
configure:8042: gcc -o conftest -mmacosx-version-min=10.11 -arch x86_64 -arch arm64    conftest.c conftstm.o >&5
configure:8045: $? = 0
configure:8084: result: ok
configure:8131: checking for sysroot
configure:8163: result: no
configure:8170: checking for a working dd
configure:8215: result: /bin/dd
configure:8219: checking how to truncate binary pipes
configure:8236: result: /bin/dd bs=4096 count=1
configure:8530: checking for x86_64-apple-darwin-mt
configure:8566: result: no
configure:8576: checking for mt
configure:8612: result: no
configure:8632: checking if : is a manifest tool
configure:8639: : '-?'
configure:8648: result: no
configure:8664: checking for x86_64-apple-darwin-dsymutil
configure:8700: result: no
configure:8710: checking for dsymutil
configure:8731: found /usr/bin/dsymutil
configure:8743: result: dsymutil
configure:8768: checking for x86_64-apple-darwin-nmedit
configure:8804: result: no
configure:8814: checking for nmedit
configure:8835: found /usr/bin/nmedit
configure:8847: result: nmedit
configure:8872: checking for x86_64-apple-darwin-lipo
configure:8908: result: no
configure:8918: checking for lipo
configure:8939: found /usr/bin/lipo
configure:8951: result: lipo
configure:8976: checking for x86_64-apple-darwin-otool
configure:9012: result: no
configure:9022: checking for otool
configure:9043: found /usr/bin/otool
configure:9055: result: otool
configure:9080: checking for x86_64-apple-darwin-otool64
configure:9116: result: no
configure:9126: checking for otool64
configure:9162: result: no
configure:9207: checking for -single_module linker flag
gcc -mmacosx-version-min=10.11 -arch x86_64 -arch arm64   -o libconftest.dylib -dynamiclib -Wl,-single_module conftest.c
configure:9242: result: yes
configure:9245: checking for -exported_symbols_list linker flag
configure:9266: gcc -o conftest -mmacosx-version-min=10.11 -arch x86_64 -arch arm64    -Wl,-exported_symbols_list,conftest.sym conftest.c  >&5
configure:9266: $? = 0
configure:9279: result: yes
configure:9282: checking for -force_load linker flag
gcc -mmacosx-version-min=10.11 -arch x86_64 -arch arm64  -c -o conftest.o conftest.c
ar cr libconftest.a conftest.o
ranlib libconftest.a
gcc -mmacosx-version-min=10.11 -arch x86_64 -arch arm64   -o conftest conftest.c -Wl,-force_load,./libconftest.a
configure:9316: result: yes
configure:9387: checking for stdio.h
configure:9387: gcc -c -mmacosx-version-min=10.11 -arch x86_64 -arch arm64   conftest.c >&5
configure:9387: $? = 0
configure:9387: result: yes
configure:9387: checking for stdlib.h
configure:9387: gcc -c -mmacosx-version-min=10.11 -arch x86_64 -arch arm64   conftest.c >&5
configure:9387: $? = 0
configure:9387: result: yes
configure:9387: checking for string.h
configure:9387: gcc -c -mmacosx-version-min=10.11 -arch x86_64 -arch arm64   conftest.c >&5
configure:9387: $? = 0
configure:9387: result: yes
configure:9387: checking for inttypes.h
configure:9387: gcc -c -mmacosx-version-min=10.11 -arch x86_64 -arch arm64   conftest.c >&5
configure:9387: $? = 0
configure:9387: result: yes
configure:9387: checking for stdint.h
configure:9387: gcc -c -mmacosx-version-min=10.11 -arch x86_64 -arch arm64   conftest.c >&5
configure:9387: $? = 0
configure:9387: result: yes
configure:9387: checking for strings.h
configure:9387: gcc -c -mmacosx-version-min=10.11 -arch x86_64 -arch arm64   conftest.c >&5
configure:9387: $? = 0
configure:9387: result: yes
configure:9387: checking for sys/stat.h
configure:9387: gcc -c -mmacosx-version-min=10.11 -arch x86_64 -arch arm64   conftest.c >&5
configure:9387: $? = 0
configure:9387: result: yes
configure:9387: checking for sys/types.h
configure:9387: gcc -c -mmacosx-version-min=10.11 -arch x86_64 -arch arm64   conftest.c >&5
configure:9387: $? = 0
configure:9387: result: yes
configure:9387: checking for unistd.h
configure:9387: gcc -c -mmacosx-version-min=10.11 -arch x86_64 -arch arm64   conftest.c >&5
configure:9387: $? = 0
configure:9387: result: yes
configure:9412: checking for dlfcn.h
configure:9412: gcc -c -mmacosx-version-min=10.11 -arch x86_64 -arch arm64   conftest.c >&5
configure:9412: $? = 0
configure:9412: result: yes
configure:9688: checking for objdir
configure:9705: result: .libs
configure:9971: checking if gcc supports -fno-rtti -fno-exceptions
configure:9990: gcc -c -mmacosx-version-min=10.11 -arch x86_64 -arch arm64   -fno-rtti -fno-exceptions conftest.c >&5
configure:9994: $? = 0
configure:10008: result: yes
configure:10366: checking for gcc option to produce PIC
configure:10375: result: -fno-common -DPIC
configure:10383: checking if gcc PIC flag -fno-common -DPIC works
configure:10402: gcc -c -mmacosx-version-min=10.11 -arch x86_64 -arch arm64   -fno-common -DPIC -DPIC conftest.c >&5
configure:10406: $? = 0
configure:10420: result: yes
configure:10449: checking if gcc static flag -static works
configure:10479: result: no
configure:10494: checking if gcc supports -c -o file.o
configure:10516: gcc -c -mmacosx-version-min=10.11 -arch x86_64 -arch arm64   -o out/conftest2.o conftest.c >&5
configure:10520: $? = 0
configure:10543: result: yes
configure:10551: checking if gcc supports -c -o file.o
configure:10600: result: yes
configure:10633: checking whether the gcc linker (/Applications/Xcode.app/Contents/Developer/Toolchains/XcodeDefault.xctoolchain/usr/bin/ld) supports shared libraries
configure:11906: result: yes
configure:12148: checking dynamic linker characteristics
configure:12970: result: darwin dyld
configure:13092: checking how to hardcode library paths into programs
configure:13117: result: immediate
configure:13717: checking whether stripping libraries is possible
configure:13734: result: yes
configure:13768: checking if libtool supports shared libraries
configure:13770: result: yes
configure:13773: checking whether to build shared libraries
configure:13798: result: no
configure:13801: checking whether to build static libraries
configure:13805: result: yes
configure:13828: checking how to run the C++ preprocessor
configure:13850: g++ -std=gnu++11 -E  conftest.cpp
configure:13850: $? = 0
configure:13866: g++ -std=gnu++11 -E  conftest.cpp
conftest.cpp:23:10: fatal error: 'ac_nonexistent.h' file not found
#include <ac_nonexistent.h>
         ^~~~~~~~~~~~~~~~~~
1 error generated.
configure:13866: $? = 1
configure: failed program was:
| /* confdefs.h */
| #define PACKAGE_NAME "libusb"
| #define PACKAGE_TARNAME "libusb"
| #define PACKAGE_VERSION "1.0.21"
| #define PACKAGE_STRING "libusb 1.0.21"
| #define PACKAGE_BUGREPORT "libusb-devel@lists.sourceforge.net"
| #define PACKAGE_URL "http://libusb.info"
| #define PACKAGE "libusb"
| #define VERSION "1.0.21"
| #define HAVE_STDIO_H 1
| #define HAVE_STDLIB_H 1
| #define HAVE_STRING_H 1
| #define HAVE_INTTYPES_H 1
| #define HAVE_STDINT_H 1
| #define HAVE_STRINGS_H 1
| #define HAVE_SYS_STAT_H 1
| #define HAVE_SYS_TYPES_H 1
| #define HAVE_UNISTD_H 1
| #define STDC_HEADERS 1
| #define HAVE_DLFCN_H 1
| #define LT_OBJDIR ".libs/"
| /* end confdefs.h.  */
| #include <ac_nonexistent.h>
configure:13895: result: g++ -std=gnu++11 -E
configure:13909: g++ -std=gnu++11 -E  conftest.cpp
configure:13909: $? = 0
configure:13925: g++ -std=gnu++11 -E  conftest.cpp
conftest.cpp:23:10: fatal error: 'ac_nonexistent.h' file not found
#include <ac_nonexistent.h>
         ^~~~~~~~~~~~~~~~~~
1 error generated.
configure:13925: $? = 1
configure: failed program was:
| /* confdefs.h */
| #define PACKAGE_NAME "libusb"
| #define PACKAGE_TARNAME "libusb"
| #define PACKAGE_VERSION "1.0.21"
| #define PACKAGE_STRING "libusb 1.0.21"
| #define PACKAGE_BUGREPORT "libusb-devel@lists.sourceforge.net"
| #define PACKAGE_URL "http://libusb.info"
| #define PACKAGE "libusb"
| #define VERSION "1.0.21"
| #define HAVE_STDIO_H 1
| #define HAVE_STDLIB_H 1
| #define HAVE_STRING_H 1
| #define HAVE_INTTYPES_H 1
| #define HAVE_STDINT_H 1
| #define HAVE_STRINGS_H 1
| #define HAVE_SYS_STAT_H 1
| #define HAVE_SYS_TYPES_H 1
| #define HAVE_UNISTD_H 1
| #define STDC_HEADERS 1
| #define HAVE_DLFCN_H 1
| #define LT_OBJDIR ".libs/"
| /* end confdefs.h.  */
| #include <ac_nonexistent.h>
configure:14093: checking for ld used by g++ -std=gnu++11
configure:14162: result: /Applications/Xcode.app/Contents/Developer/Toolchains/XcodeDefault.xctoolchain/usr/bin/ld
configure:14169: checking if the linker (/Applications/Xcode.app/Contents/Developer/Toolchains/XcodeDefault.xctoolchain/usr/bin/ld) is GNU ld
configure:14186: result: no
configure:14241: checking whether the g++ -std=gnu++11 linker (/Applications/Xcode.app/Contents/Developer/Toolchains/XcodeDefault.xctoolchain/usr/bin/ld) supports shared libraries
configure:15321: result: yes
configure:15357: g++ -std=gnu++11 -c -g -O2  conftest.cpp >&5
configure:15360: $? = 0
configure:15841: checking for g++ -std=gnu++11 option to produce PIC
configure:15850: result: -fno-common -DPIC
configure:15858: checking if g++ -std=gnu++11 PIC flag -fno-common -DPIC works
configure:15877: g++ -std=gnu++11 -c -g -O2  -fno-common -DPIC -DPIC conftest.cpp >&5
configure:15881: $? = 0
configure:15895: result: yes
configure:15918: checking if g++ -std=gnu++11 static flag -static works
configure:15948: result: no
configure:15960: checking if g++ -std=gnu++11 supports -c -o file.o
configure:15982: g++ -std=gnu++11 -c -g -O2  -o out/conftest2.o conftest.cpp >&5
configure:15986: $? = 0
configure:16009: result: yes
configure:16014: checking if g++ -std=gnu++11 supports -c -o file.o
configure:16063: result: yes
configure:16093: checking whether the g++ -std=gnu++11 linker (/Applications/Xcode.app/Contents/Developer/Toolchains/XcodeDefault.xctoolchain/usr/bin/ld) supports shared libraries
configure:16133: result: yes
configure:16276: checking dynamic linker characteristics
configure:17025: result: darwin dyld
configure:17090: checking how to hardcode library paths into programs
configure:17115: result: immediate
configure:17179: checking for x86_64-apple-darwin-windres
configure:17215: result: no
configure:17225: checking for windres
configure:17261: result: no
configure:17358: checking for inline
configure:17375: gcc -c -mmacosx-version-min=10.11 -arch x86_64 -arch arm64   conftest.c >&5
configure:17375: $? = 0
configure:17385: result: inline
configure:17410: checking operating system
configure:17431: result: Darwin/Mac OS X
configure:17694: checking for poll.h
configure:17694: gcc -c -mmacosx-version-min=10.11 -arch x86_64 -arch arm64   conftest.c >&5
configure:17694: $? = 0
configure:17694: result: yes
configure:17701: checking for nfds_t
configure:17701: gcc -c -mmacosx-version-min=10.11 -arch x86_64 -arch arm64   conftest.c >&5
configure:17701: $? = 0
configure:17701: gcc -c -mmacosx-version-min=10.11 -arch x86_64 -arch arm64   conftest.c >&5
conftest.c:31:21: error: expected expression
if (sizeof ((nfds_t)))
                    ^
1 error generated.
configure:17701: $? = 1
configure: failed program was:
| /* confdefs.h */
| #define PACKAGE_NAME "libusb"
| #define PACKAGE_TARNAME "libusb"
| #define PACKAGE_VERSION "1.0.21"
| #define PACKAGE_STRING "libusb 1.0.21"
| #define PACKAGE_BUGREPORT "libusb-devel@lists.sourceforge.net"
| #define PACKAGE_URL "http://libusb.info"
| #define PACKAGE "libusb"
| #define VERSION "1.0.21"
| #define HAVE_STDIO_H 1
| #define HAVE_STDLIB_H 1
| #define HAVE_STRING_H 1
| #define HAVE_INTTYPES_H 1
| #define HAVE_STDINT_H 1
| #define HAVE_STRINGS_H 1
| #define HAVE_SYS_STAT_H 1
| #define HAVE_SYS_TYPES_H 1
| #define HAVE_UNISTD_H 1
| #define STDC_HEADERS 1
| #define HAVE_DLFCN_H 1
| #define LT_OBJDIR ".libs/"
| #define _GNU_SOURCE 1
| #define OS_DARWIN 1
| #define HAVE_POLL_H 1
| /* end confdefs.h.  */
| #include <poll.h>
| 
| int
| main (void)
| {
| if (sizeof ((nfds_t)))
| 	    return 0;
|   ;
|   return 0;
| }
configure:17701: result: yes
configure:17916: checking for sys/timerfd.h
configure:17916: gcc -c -mmacosx-version-min=10.11 -arch x86_64 -arch arm64   conftest.c >&5
conftest.c:56:10: fatal error: 'sys/timerfd.h' file not found
#include <sys/timerfd.h>
         ^~~~~~~~~~~~~~~
1 error generated.
configure:17916: $? = 1
configure: failed program was:
| /* confdefs.h */
| #define PACKAGE_NAME "libusb"
| #define PACKAGE_TARNAME "libusb"
| #define PACKAGE_VERSION "1.0.21"
| #define PACKAGE_STRING "libusb 1.0.21"
| #define PACKAGE_BUGREPORT "libusb-devel@lists.sourceforge.net"
| #define PACKAGE_URL "http://libusb.info"
| #define PACKAGE "libusb"
| #define VERSION "1.0.21"
| #define HAVE_STDIO_H 1
| #define HAVE_STDLIB_H 1
| #define HAVE_STRING_H 1
| #define HAVE_INTTYPES_H 1
| #define HAVE_STDINT_H 1
| #define HAVE_STRINGS_H 1
| #define HAVE_SYS_STAT_H 1
| #define HAVE_SYS_TYPES_H 1
| #define HAVE_UNISTD_H 1
| #define STDC_HEADERS 1
| #define HAVE_DLFCN_H 1
| #define LT_OBJDIR ".libs/"
| #define _GNU_SOURCE 1
| #define OS_DARWIN 1
| #define HAVE_POLL_H 1
| #define POLL_NFDS_TYPE nfds_t
| #define THREADS_POSIX 1
| /* end confdefs.h.  */
| #include <stddef.h>
| #ifdef HAVE_STDIO_H
| # include <stdio.h>
| #endif
| #ifdef HAVE_STDLIB_H
| # include <stdlib.h>
| #endif
| #ifdef HAVE_STRING_H
| # include <string.h>
| #endif
| #ifdef HAVE_INTTYPES_H
| # include <inttypes.h>
| #endif
| #ifdef HAVE_STDINT_H
| # include <stdint.h>
| #endif
| #ifdef HAVE_STRINGS_H
| # include <strings.h>
| #endif
| #ifdef HAVE_SYS_TYPES_H
| # include <sys/types.h>
| #endif
| #ifdef HAVE_SYS_STAT_H
| # include <sys/stat.h>
| #endif
| #ifdef HAVE_UNISTD_H
| # include <unistd.h>
| #endif
| #include <sys/timerfd.h>
configure:17916: result: no
configure:17939: checking for gcc options needed to detect all undeclared functions
configure:17961: gcc -c -mmacosx-version-min=10.11 -arch x86_64 -arch arm64    conftest.c >&5
conftest.c:32:8: error: implicitly declaring library function 'strchr' with type 'char *(const char *, int)' [-Werror,-Wimplicit-function-declaration]
(void) strchr;
       ^
conftest.c:32:8: note: include the header <string.h> or explicitly provide a declaration for 'strchr'
1 error generated.
configure:17961: $? = 1
configure: failed program was:
| /* confdefs.h */
| #define PACKAGE_NAME "libusb"
| #define PACKAGE_TARNAME "libusb"
| #define PACKAGE_VERSION "1.0.21"
| #define PACKAGE_STRING "libusb 1.0.21"
| #define PACKAGE_BUGREPORT "libusb-devel@lists.sourceforge.net"
| #define PACKAGE_URL "http://libusb.info"
| #define PACKAGE "libusb"
| #define VERSION "1.0.21"
| #define HAVE_STDIO_H 1
| #define HAVE_STDLIB_H 1
| #define HAVE_STRING_H 1
| #define HAVE_INTTYPES_H 1
| #define HAVE_STDINT_H 1
| #define HAVE_STRINGS_H 1
| #define HAVE_SYS_STAT_H 1
| #define HAVE_SYS_TYPES_H 1
| #define HAVE_UNISTD_H 1
| #define STDC_HEADERS 1
| #define HAVE_DLFCN_H 1
| #define LT_OBJDIR ".libs/"
| #define _GNU_SOURCE 1
| #define OS_DARWIN 1
| #define HAVE_POLL_H 1
| #define POLL_NFDS_TYPE nfds_t
| #define THREADS_POSIX 1
| /* end confdefs.h.  */
| 
| int
| main (void)
| {
| (void) strchr;
|   ;
|   return 0;
| }
configure:17988: gcc -c -mmacosx-version-min=10.11 -arch x86_64 -arch arm64    conftest.c >&5
configure:17988: $? = 0
configure:18008: result: none needed
configure:18022: checking whether TFD_NONBLOCK is declared
configure:18022: gcc -c -mmacosx-version-min=10.11 -arch x86_64 -arch arm64    conftest.c >&5
conftest.c:28:10: fatal error: 'sys/timerfd.h' file not found
#include <sys/timerfd.h>
         ^~~~~~~~~~~~~~~
1 error generated.
configure:18022: $? = 1
configure: failed program was:
| /* confdefs.h */
| #define PACKAGE_NAME "libusb"
| #define PACKAGE_TARNAME "libusb"
| #define PACKAGE_VERSION "1.0.21"
| #define PACKAGE_STRING "libusb 1.0.21"
| #define PACKAGE_BUGREPORT "libusb-devel@lists.sourceforge.net"
| #define PACKAGE_URL "http://libusb.info"
| #define PACKAGE "libusb"
| #define VERSION "1.0.21"
| #define HAVE_STDIO_H 1
| #define HAVE_STDLIB_H 1
| #define HAVE_STRING_H 1
| #define HAVE_INTTYPES_H 1
| #define HAVE_STDINT_H 1
| #define HAVE_STRINGS_H 1
| #define HAVE_SYS_STAT_H 1
| #define HAVE_SYS_TYPES_H 1
| #define HAVE_UNISTD_H 1
| #define STDC_HEADERS 1
| #define HAVE_DLFCN_H 1
| #define LT_OBJDIR ".libs/"
| #define _GNU_SOURCE 1
| #define OS_DARWIN 1
| #define HAVE_POLL_H 1
| #define POLL_NFDS_TYPE nfds_t
| #define THREADS_POSIX 1
| /* end confdefs.h.  */
| #include <sys/timerfd.h>
| 
| int
| main (void)
| {
| #ifndef TFD_NONBLOCK
| #ifdef __cplusplus
|   (void) TFD_NONBLOCK;
| #else
|   (void) TFD_NONBLOCK;
| #endif
| #endif
| 
|   ;
|   return 0;
| }
configure:18022: result: no
configure:18035: checking whether to use timerfd for timing
configure:18048: result: no (header not available)
configure:18053: checking for struct timespec
configure:18053: gcc -c -mmacosx-version-min=10.11 -arch x86_64 -arch arm64   conftest.c >&5
configure:18053: $? = 0
configure:18053: gcc -c -mmacosx-version-min=10.11 -arch x86_64 -arch arm64   conftest.c >&5
conftest.c:59:30: error: expected expression
if (sizeof ((struct timespec)))
                             ^
1 error generated.
configure:18053: $? = 1
configure: failed program was:
| /* confdefs.h */
| #define PACKAGE_NAME "libusb"
| #define PACKAGE_TARNAME "libusb"
| #define PACKAGE_VERSION "1.0.21"
| #define PACKAGE_STRING "libusb 1.0.21"
| #define PACKAGE_BUGREPORT "libusb-devel@lists.sourceforge.net"
| #define PACKAGE_URL "http://libusb.info"
| #define PACKAGE "libusb"
| #define VERSION "1.0.21"
| #define HAVE_STDIO_H 1
| #define HAVE_STDLIB_H 1
| #define HAVE_STRING_H 1
| #define HAVE_INTTYPES_H 1
| #define HAVE_STDINT_H 1
| #define HAVE_STRINGS_H 1
| #define HAVE_SYS_STAT_H 1
| #define HAVE_SYS_TYPES_H 1
| #define HAVE_UNISTD_H 1
| #define STDC_HEADERS 1
| #define HAVE_DLFCN_H 1
| #define LT_OBJDIR ".libs/"
| #define _GNU_SOURCE 1
| #define OS_DARWIN 1
| #define HAVE_POLL_H 1
| #define POLL_NFDS_TYPE nfds_t
| #define THREADS_POSIX 1
| /* end confdefs.h.  */
| #include <stddef.h>
| #ifdef HAVE_STDIO_H
| # include <stdio.h>
| #endif
| #ifdef HAVE_STDLIB_H
| # include <stdlib.h>
| #endif
| #ifdef HAVE_STRING_H
| # include <string.h>
| #endif
| #ifdef HAVE_INTTYPES_H
| # include <inttypes.h>
| #endif
| #ifdef HAVE_STDINT_H
| # include <stdint.h>
| #endif
| #ifdef HAVE_STRINGS_H
| # include <strings.h>
| #endif
| #ifdef HAVE_SYS_TYPES_H
| # include <sys/types.h>
| #endif
| #ifdef HAVE_SYS_STAT_H
| # include <sys/stat.h>
| #endif
| #ifdef HAVE_UNISTD_H
| # include <unistd.h>
| #endif
| int
| main (void)
| {
| if (sizeof ((struct timespec)))
| 	    return 0;
|   ;
|   return 0;
| }
configure:18053: result: yes
configure:18110: checking for syslog.h
configure:18110: gcc -c -mmacosx-version-min=10.11 -arch x86_64 -arch arm64   conftest.c >&5
configure:18110: $? = 0
configure:18110: result: yes
configure:18117: checking for syslog
configure:18117: gcc -o conftest -mmacosx-version-min=10.11 -arch x86_64 -arch arm64    conftest.c -lobjc -Wl,-framework,IOKit -Wl,-framework,CoreFoundation >&5
configure:18117: $? = 0
configure:18117: result: yes
configure:18185: gcc -c -mmacosx-version-min=10.11 -arch x86_64 -arch arm64  -Werror -fvisibility=hidden  conftest.c >&5
configure:18185: $? = 0
configure:18215: gcc -c -mmacosx-version-min=10.11 -arch x86_64 -arch arm64  -Wno-pointer-sign  conftest.c >&5
configure:18215: $? = 0
configure:18226: checking for sigaction
configure:18226: gcc -o conftest -mmacosx-version-min=10.11 -arch x86_64 -arch arm64    conftest.c -lobjc -Wl,-framework,IOKit -Wl,-framework,CoreFoundation >&5
configure:18226: $? = 0
configure:18226: result: yes
configure:18245: checking for sys/time.h
configure:18245: gcc -c -mmacosx-version-min=10.11 -arch x86_64 -arch arm64   conftest.c >&5
configure:18245: $? = 0
configure:18245: result: yes
configure:18252: checking for gettimeofday
configure:18252: gcc -o conftest -mmacosx-version-min=10.11 -arch x86_64 -arch arm64    conftest.c -lobjc -Wl,-framework,IOKit -Wl,-framework,CoreFoundation >&5
configure:18252: $? = 0
configure:18252: result: yes
configure:18259: checking for signal.h
configure:18259: gcc -c -mmacosx-version-min=10.11 -arch x86_64 -arch arm64   conftest.c >&5
configure:18259: $? = 0
configure:18259: result: yes
configure:18270: checking whether CC supports -std=gnu99
configure:18283: gcc -c -std=gnu99  conftest.c >&5
configure:18283: $? = 0
configure:18285: result: yes
configure:18425: checking that generated files are newer than configure
configure:18431: result: done
configure:18514: creating ./config.status

## ---------------------- ##
## Running config.status. ##
## ---------------------- ##

This file was extended by libusb config.status 1.0.21, which was
generated by GNU Autoconf 2.72.  Invocation command line was

  CONFIG_FILES    = 
  CONFIG_HEADERS  = 
  CONFIG_LINKS    = 
  CONFIG_COMMANDS = 
  $ ./config.status 

on ben-iMac.local

config.status:1255: creating libusb-1.0.pc
config.status:1255: creating Makefile
config.status:1255: creating libusb/Makefile
config.status:1255: creating examples/Makefile
config.status:1255: creating tests/Makefile
config.status:1255: creating doc/Makefile
config.status:1255: creating doc/doxygen.cfg
config.status:1255: creating config.h
config.status:1436: config.h is unchanged
config.status:1484: executing depfiles commands
config.status:1484: executing libtool commands

## ---------------- ##
## Cache variables. ##
## ---------------- ##

ac_cv_build=x86_64-apple-darwin20.6.0
ac_cv_c_compiler_gnu=yes
ac_cv_c_inline=inline
ac_cv_c_undeclared_builtin_options='none needed'
ac_cv_cxx_compiler_gnu=yes
ac_cv_env_CCC_set=
ac_cv_env_CCC_value=
ac_cv_env_CC_set=
ac_cv_env_CC_value=
ac_cv_env_CFLAGS_set=set
ac_cv_env_CFLAGS_value='-mmacosx-version-min=10.11 -arch x86_64 -arch arm64 '
ac_cv_env_CPPFLAGS_set=
ac_cv_env_CPPFLAGS_value=
ac_cv_env_CXXCPP_set=
ac_cv_env_CXXCPP_value=
ac_cv_env_CXXFLAGS_set=
ac_cv_env_CXXFLAGS_value=
ac_cv_env_CXX_set=
ac_cv_env_CXX_value=
ac_cv_env_LDFLAGS_set=
ac_cv_env_LDFLAGS_value=
ac_cv_env_LIBS_set=
ac_cv_env_LIBS_value=
ac_cv_env_LT_SYS_LIBRARY_PATH_set=
ac_cv_env_LT_SYS_LIBRARY_PATH_value=
ac_cv_env_build_alias_set=
ac_cv_env_build_alias_value=
ac_cv_env_host_alias_set=set
ac_cv_env_host_alias_value=x86_64-apple-darwin
ac_cv_env_target_alias_set=
ac_cv_env_target_alias_value=
ac_cv_func_gettimeofday=yes
ac_cv_func_sigaction=yes
ac_cv_func_syslog=yes
ac_cv_have_decl_TFD_NONBLOCK=no
ac_cv_header_dlfcn_h=yes
ac_cv_header_inttypes_h=yes
ac_cv_header_poll_h=yes
ac_cv_header_signal_h=yes
ac_cv_header_stdint_h=yes
ac_cv_header_stdio_h=yes
ac_cv_header_stdlib_h=yes
ac_cv_header_string_h=yes
ac_cv_header_strings_h=yes
ac_cv_header_sys_stat_h=yes
ac_cv_header_sys_time_h=yes
ac_cv_header_sys_timerfd_h=no
ac_cv_header_sys_types_h=yes
ac_cv_header_syslog_h=yes
ac_cv_header_unistd_h=yes
ac_cv_host=x86_64-apple-darwin
ac_cv_objext=o
ac_cv_path_EGREP='/usr/bin/grep -E'
ac_cv_path_EGREP_TRADITIONAL='/usr/bin/grep -E'
ac_cv_path_FGREP='/usr/bin/grep -F'
ac_cv_path_GREP=/usr/bin/grep
ac_cv_path_SED=/usr/bin/sed
ac_cv_path_install='/usr/bin/install -c'
ac_cv_path_lt_DD=/bin/dd
ac_cv_prog_AWK=awk
ac_cv_prog_CXXCPP='g++ -std=gnu++11 -E'
ac_cv_prog_STRIP=strip
ac_cv_prog_ac_ct_AR=ar
ac_cv_prog_ac_ct_CC=gcc
ac_cv_prog_ac_ct_CXX=g++
ac_cv_prog_ac_ct_DSYMUTIL=dsymutil
ac_cv_prog_ac_ct_DUMPBIN='link -dump'
ac_cv_prog_ac_ct_FILECMD=file
ac_cv_prog_ac_ct_LIPO=lipo
ac_cv_prog_ac_ct_NMEDIT=nmedit
ac_cv_prog_ac_ct_OBJDUMP=objdump
ac_cv_prog_ac_ct_OTOOL=otool
ac_cv_prog_ac_ct_RANLIB=ranlib
ac_cv_prog_ac_ct_STRIP=strip
ac_cv_prog_cc_c11=
ac_cv_prog_cc_g=yes
ac_cv_prog_cc_stdc=
ac_cv_prog_cxx_cxx11=-std=gnu++11
ac_cv_prog_cxx_g=yes
ac_cv_prog_cxx_stdcxx=-std=gnu++11
ac_cv_prog_make_make_set=yes
ac_cv_type_nfds_t=yes
ac_cv_type_struct_timespec=yes
am_cv_CC_dependencies_compiler_type=none
am_cv_CXX_dependencies_compiler_type=none
am_cv_make_support_nested_variables=yes
am_cv_prog_cc_c_o=yes
lt_cv_apple_cc_single_mod=yes
lt_cv_ar_at_file=no
lt_cv_deplibs_check_method=pass_all
lt_cv_file_magic_cmd='$MAGIC_CMD'
lt_cv_file_magic_test_file=
lt_cv_ld_exported_symbols_list=yes
lt_cv_ld_force_load=yes
lt_cv_ld_reload_flag=-r
lt_cv_nm_interface='BSD nm'
lt_cv_objdir=.libs
lt_cv_path_LD=/Applications/Xcode.app/Contents/Developer/Toolchains/XcodeDefault.xctoolchain/usr/bin/ld
lt_cv_path_LDCXX=/Applications/Xcode.app/Contents/Developer/Toolchains/XcodeDefault.xctoolchain/usr/bin/ld
lt_cv_path_NM=no
lt_cv_path_mainfest_tool=no
lt_cv_prog_compiler_c_o=yes
lt_cv_prog_compiler_c_o_CXX=yes
lt_cv_prog_compiler_c_o_RC=yes
lt_cv_prog_compiler_pic='-fno-common -DPIC'
lt_cv_prog_compiler_pic_CXX='-fno-common -DPIC'
lt_cv_prog_compiler_pic_works=yes
lt_cv_prog_compiler_pic_works_CXX=yes
lt_cv_prog_compiler_rtti_exceptions=yes
lt_cv_prog_compiler_static_works=no
lt_cv_prog_compiler_static_works_CXX=no
lt_cv_prog_gnu_ld=no
lt_cv_prog_gnu_ldcxx=no
lt_cv_sharedlib_from_linklib_cmd='printf %s\n'
lt_cv_sys_global_symbol_pipe='/usr/bin/sed -n -e '\''s/^.*[	 ]\([BCDEGRST][BCDEGRST]*\)[	 ][	 ]*_\([_A-Za-z][_A-Za-z0-9]*\)$/\1 _\2 \2/p'\'' | /usr/bin/sed '\''/ __gnu_lto/d'\'''
lt_cv_sys_global_symbol_to_c_name_address='/usr/bin/sed -n -e '\''s/^: \(.*\) .*$/  {"\1", (void *) 0},/p'\'' -e '\''s/^[BCDEGRST][BCDEGRST]* .* \(.*\)$/  {"\1", (void *) \&\1},/p'\'''
lt_cv_sys_global_symbol_to_c_name_address_lib_prefix='/usr/bin/sed -n -e '\''s/^: \(.*\) .*$/  {"\1", (void *) 0},/p'\'' -e '\''s/^[BCDEGRST][BCDEGRST]* .* \(lib.*\)$/  {"\1", (void *) \&\1},/p'\'' -e '\''s/^[BCDEGRST][BCDEGRST]* .* \(.*\)$/  {"lib\1", (void *) \&\1},/p'\'''
lt_cv_sys_global_symbol_to_cdecl='/usr/bin/sed -n -e '\''s/^T .* \(.*\)$/extern int \1();/p'\'' -e '\''s/^[BCDEGRST][BCDEGRST]* .* \(.*\)$/extern char \1;/p'\'''
lt_cv_sys_global_symbol_to_import=
lt_cv_sys_max_cmd_len=786432
lt_cv_to_host_file_cmd=func_convert_file_noop
lt_cv_to_tool_file_cmd=func_convert_file_noop
lt_cv_truncate_bin='/bin/dd bs=4096 count=1'

## ----------------- ##
## Output variables. ##
## ----------------- ##

ACLOCAL='${SHELL} '\''/Users/mac/Documents/github/osx-ccid-installer-feitian/osx-ccid-installer-feitian/libusb/missing'\'' aclocal-1.16'
AMDEPBACKSLASH=''
AMDEP_FALSE=''
AMDEP_TRUE='#'
AMTAR='$${TAR-tar}'
AM_BACKSLASH='\'
AM_CFLAGS=' -std=gnu99 -Wall -Wundef -Wunused -Wstrict-prototypes -Werror-implicit-function-declaration -Wno-pointer-sign -Wshadow  -fvisibility=hidden'
AM_DEFAULT_V='$(AM_DEFAULT_VERBOSITY)'
AM_DEFAULT_VERBOSITY='0'
AM_V='$(V)'
AR='ar'
AUTOCONF='${SHELL} '\''/Users/mac/Documents/github/osx-ccid-installer-feitian/osx-ccid-installer-feitian/libusb/missing'\'' autoconf'
AUTOHEADER='${SHELL} '\''/Users/mac/Documents/github/osx-ccid-installer-feitian/osx-ccid-installer-feitian/libusb/missing'\'' autoheader'
AUTOMAKE='${SHELL} '\''/Users/mac/Documents/github/osx-ccid-installer-feitian/osx-ccid-installer-feitian/libusb/missing'\'' automake-1.16'
AWK='awk'
BUILD_EXAMPLES_FALSE=''
BUILD_EXAMPLES_TRUE='#'
BUILD_TESTS_FALSE=''
BUILD_TESTS_TRUE='#'
CC='gcc'
CCDEPMODE='depmode=none'
CFLAGS='-mmacosx-version-min=10.11 -arch x86_64 -arch arm64 '
CPPFLAGS=''
CREATE_IMPORT_LIB_FALSE=''
CREATE_IMPORT_LIB_TRUE='#'
CSCOPE='cscope'
CTAGS='ctags'
CXX='g++ -std=gnu++11'
CXXCPP='g++ -std=gnu++11 -E'
CXXDEPMODE='depmode=none'
CXXFLAGS='-g -O2'
CYGPATH_W='echo'
DEFS='-DHAVE_CONFIG_H'
DEPDIR='.deps'
DLLTOOL='false'
DSYMUTIL='dsymutil'
DUMPBIN=':'
ECHO_C='\c'
ECHO_N=''
ECHO_T=''
EGREP='/usr/bin/grep -E'
ETAGS='etags'
EXEEXT=''
FGREP='/usr/bin/grep -F'
FILECMD='file'
GREP='/usr/bin/grep'
HAVE_SIGACTION_FALSE='#'
HAVE_SIGACTION_TRUE=''
INSTALL_DATA='${INSTALL} -m 644'
INSTALL_PROGRAM='${INSTALL}'
INSTALL_SCRIPT='${INSTALL}'
INSTALL_STRIP_PROGRAM='$(install_sh) -c -s'
LD='/Applications/Xcode.app/Contents/Developer/Toolchains/XcodeDefault.xctoolchain/usr/bin/ld'
LDFLAGS=''
LIBOBJS=''
LIBS='-lobjc -Wl,-framework,IOKit -Wl,-framework,CoreFoundation'
LIBTOOL='$(SHELL) $(top_builddir)/libtool'
LIPO='lipo'
LN_S='ln -s'
LTLDFLAGS='-version-info 1:0:1 -no-undefined -Wl,-prebind'
LTLIBOBJS=''
LT_SYS_LIBRARY_PATH=''
MAKEINFO='${SHELL} '\''/Users/mac/Documents/github/osx-ccid-installer-feitian/osx-ccid-installer-feitian/libusb/missing'\'' makeinfo'
MANIFEST_TOOL=':'
MKDIR_P='mkdir -p'
NM='nm'
NMEDIT='nmedit'
OBJDUMP='objdump'
OBJEXT='o'
OS_DARWIN=''
OS_DARWIN_FALSE='#'
OS_DARWIN_TRUE=''
OS_HAIKU=''
OS_HAIKU_FALSE=''
OS_HAIKU_TRUE='#'
OS_LINUX=''
OS_LINUX_FALSE=''
OS_LINUX_TRUE='#'
OS_NETBSD=''
OS_NETBSD_FALSE=''
OS_NETBSD_TRUE='#'
OS_OPENBSD=''
OS_OPENBSD_FALSE=''
OS_OPENBSD_TRUE='#'
OS_SUNOS=''
OS_SUNOS_FALSE=''
OS_SUNOS_TRUE='#'
OS_WINDOWS=''
OS_WINDOWS_FALSE=''
OS_WINDOWS_TRUE='#'
OTOOL64=':'
OTOOL='otool'
PACKAGE='libusb'
PACKAGE_BUGREPORT='libusb-devel@lists.sourceforge.net'
PACKAGE_NAME='libusb'
PACKAGE_STRING='libusb 1.0.21'
PACKAGE_TARNAME='libusb'
PACKAGE_URL='http://libusb.info'
PACKAGE_VERSION='1.0.21'
PATH_SEPARATOR=':'
RANLIB='ranlib'
RC=''
SED='/usr/bin/sed'
SET_MAKE=''
SHELL='/bin/sh'
STRIP='strip'
THREADS_POSIX_FALSE='#'
THREADS_POSIX_TRUE=''
USE_UDEV=''
USE_UDEV_FALSE=''
USE_UDEV_TRUE='#'
USE_USBDK=''
USE_USBDK_FALSE=''
USE_USBDK_TRUE='#'
VERSION='1.0.21'
ac_ct_AR='ar'
ac_ct_CC='gcc'
ac_ct_CXX='g++'
ac_ct_DUMPBIN='link -dump'
am__EXEEXT_FALSE=''
am__EXEEXT_TRUE='#'
am__fastdepCC_FALSE=''
am__fastdepCC_TRUE='#'
am__fastdepCXX_FALSE=''
am__fastdepCXX_TRUE='#'
am__include='include'
am__isrc=''
am__leading_dot='.'
am__nodep=''
am__quote=''
am__tar='$${TAR-tar} chof - "$$tardir"'
am__untar='$${TAR-tar} xf -'
bindir='${exec_prefix}/bin'
build='x86_64-apple-darwin20.6.0'
build_alias=''
build_cpu='x86_64'
build_os='darwin20.6.0'
build_vendor='apple'
datadir='${datarootdir}'
datarootdir='${prefix}/share'
docdir='${datarootdir}/doc/${PACKAGE_TARNAME}'
dvidir='${docdir}'
exec_prefix='${prefix}'
host='x86_64-apple-darwin'
host_alias='x86_64-apple-darwin'
host_cpu='x86_64'
host_os='darwin'
host_vendor='apple'
htmldir='${docdir}'
includedir='${prefix}/include'
infodir='${datarootdir}/info'
install_sh='${SHELL} /Users/mac/Documents/github/osx-ccid-installer-feitian/osx-ccid-installer-feitian/libusb/install-sh'
libdir='${exec_prefix}/lib'
libexecdir='${exec_prefix}/libexec'
localedir='${datarootdir}/locale'
localstatedir='${prefix}/var'
mandir='${datarootdir}/man'
mkdir_p='$(MKDIR_P)'
oldincludedir='/usr/include'
pdfdir='${docdir}'
prefix='/Users/mac/Documents/github/osx-ccid-installer-feitian/osx-ccid-installer-feitian/tmp'
program_transform_name='s,x,x,'
psdir='${docdir}'
runstatedir='${localstatedir}/run'
sbindir='${exec_prefix}/sbin'
sharedstatedir='${prefix}/com'
sysconfdir='${prefix}/etc'
target_alias=''

## ----------- ##
## confdefs.h. ##
## ----------- ##

/* confdefs.h */
#define PACKAGE_NAME "libusb"
#define PACKAGE_TARNAME "libusb"
#define PACKAGE_VERSION "1.0.21"
#define PACKAGE_STRING "libusb 1.0.21"
#define PACKAGE_BUGREPORT "libusb-devel@lists.sourceforge.net"
#define PACKAGE_URL "http://libusb.info"
#define PACKAGE "libusb"
#define VERSION "1.0.21"
#define HAVE_STDIO_H 1
#define HAVE_STDLIB_H 1
#define HAVE_STRING_H 1
#define HAVE_INTTYPES_H 1
#define HAVE_STDINT_H 1
#define HAVE_STRINGS_H 1
#define HAVE_SYS_STAT_H 1
#define HAVE_SYS_TYPES_H 1
#define HAVE_UNISTD_H 1
#define STDC_HEADERS 1
#define HAVE_DLFCN_H 1
#define LT_OBJDIR ".libs/"
#define _GNU_SOURCE 1
#define OS_DARWIN 1
#define HAVE_POLL_H 1
#define POLL_NFDS_TYPE nfds_t
#define THREADS_POSIX 1
#define HAVE_STRUCT_TIMESPEC 1
#define ENABLE_LOGGING 1
#define HAVE_SYSLOG_H 1
#define HAVE_SYSLOG_FUNC 1
#define DEFAULT_VISIBILITY __attribute__((visibility("default")))
#define HAVE_SYS_TIME_H 1
#define HAVE_GETTIMEOFDAY 1
#define HAVE_SIGNAL_H 1

configure: exit 0
